{
  "/home/pls/03-vib/Caravan/caravanapp/server/core/errors/AppError.js": {
    "path": "/home/pls/03-vib/Caravan/caravanapp/server/core/errors/AppError.js",
    "statementMap": {
      "0": {
        "start": { "line": 3, "column": 4 },
        "end": { "line": 3, "column": 19 }
      },
      "1": {
        "start": { "line": 4, "column": 4 },
        "end": { "line": 4, "column": 33 }
      },
      "2": {
        "start": { "line": 5, "column": 4 },
        "end": { "line": 5, "column": 69 }
      },
      "3": {
        "start": { "line": 6, "column": 4 },
        "end": { "line": 6, "column": 30 }
      },
      "4": {
        "start": { "line": 8, "column": 4 },
        "end": { "line": 8, "column": 52 }
      },
      "5": {
        "start": { "line": 12, "column": 0 },
        "end": { "line": 12, "column": 26 }
      }
    },
    "fnMap": {
      "0": {
        "name": "(anonymous_0)",
        "decl": {
          "start": { "line": 2, "column": 2 },
          "end": { "line": 2, "column": 3 }
        },
        "loc": {
          "start": { "line": 2, "column": 35 },
          "end": { "line": 9, "column": 3 }
        },
        "line": 2
      }
    },
    "branchMap": {
      "0": {
        "loc": {
          "start": { "line": 5, "column": 18 },
          "end": { "line": 5, "column": 68 }
        },
        "type": "cond-expr",
        "locations": [
          {
            "start": { "line": 5, "column": 52 },
            "end": { "line": 5, "column": 58 }
          },
          {
            "start": { "line": 5, "column": 61 },
            "end": { "line": 5, "column": 68 }
          }
        ],
        "line": 5
      }
    },
    "s": { "0": 15, "1": 15, "2": 15, "3": 15, "4": 15, "5": 4 },
    "f": { "0": 15 },
    "b": { "0": [15, 0] },
    "_coverageSchema": "1a1c01bbd47fc00a2c39e90264f33305004495a9",
    "hash": "91ed1254aa299f41b273e02639d140b9d7b42f61"
  },
  "/home/pls/03-vib/Caravan/caravanapp/server/core/errors/AuthorizationError.js": {
    "path": "/home/pls/03-vib/Caravan/caravanapp/server/core/errors/AuthorizationError.js",
    "statementMap": {
      "0": {
        "start": { "line": 1, "column": 17 },
        "end": { "line": 1, "column": 38 }
      },
      "1": {
        "start": { "line": 5, "column": 4 },
        "end": { "line": 5, "column": 24 }
      },
      "2": {
        "start": { "line": 9, "column": 0 },
        "end": { "line": 9, "column": 36 }
      }
    },
    "fnMap": {
      "0": {
        "name": "(anonymous_0)",
        "decl": {
          "start": { "line": 4, "column": 2 },
          "end": { "line": 4, "column": 3 }
        },
        "loc": {
          "start": { "line": 4, "column": 47 },
          "end": { "line": 6, "column": 3 }
        },
        "line": 4
      }
    },
    "branchMap": {
      "0": {
        "loc": {
          "start": { "line": 4, "column": 14 },
          "end": { "line": 4, "column": 45 }
        },
        "type": "default-arg",
        "locations": [
          {
            "start": { "line": 4, "column": 24 },
            "end": { "line": 4, "column": 45 }
          }
        ],
        "line": 4
      }
    },
    "s": { "0": 3, "1": 6, "2": 3 },
    "f": { "0": 6 },
    "b": { "0": [0] },
    "_coverageSchema": "1a1c01bbd47fc00a2c39e90264f33305004495a9",
    "hash": "9e8cc3dc382326e2a06a821b6ddd65361d6fc383"
  },
  "/home/pls/03-vib/Caravan/caravanapp/server/core/errors/BadRequestError.js": {
    "path": "/home/pls/03-vib/Caravan/caravanapp/server/core/errors/BadRequestError.js",
    "statementMap": {
      "0": {
        "start": { "line": 1, "column": 17 },
        "end": { "line": 1, "column": 38 }
      },
      "1": {
        "start": { "line": 5, "column": 4 },
        "end": { "line": 5, "column": 24 }
      },
      "2": {
        "start": { "line": 9, "column": 0 },
        "end": { "line": 9, "column": 33 }
      }
    },
    "fnMap": {
      "0": {
        "name": "(anonymous_0)",
        "decl": {
          "start": { "line": 4, "column": 2 },
          "end": { "line": 4, "column": 3 }
        },
        "loc": {
          "start": { "line": 4, "column": 39 },
          "end": { "line": 6, "column": 3 }
        },
        "line": 4
      }
    },
    "branchMap": {
      "0": {
        "loc": {
          "start": { "line": 4, "column": 14 },
          "end": { "line": 4, "column": 37 }
        },
        "type": "default-arg",
        "locations": [
          {
            "start": { "line": 4, "column": 24 },
            "end": { "line": 4, "column": 37 }
          }
        ],
        "line": 4
      }
    },
    "s": { "0": 1, "1": 3, "2": 1 },
    "f": { "0": 3 },
    "b": { "0": [0] },
    "_coverageSchema": "1a1c01bbd47fc00a2c39e90264f33305004495a9",
    "hash": "4b15e1b7ead910bdb613cf4dce069120a52d7819"
  },
  "/home/pls/03-vib/Caravan/caravanapp/server/core/errors/NotFoundError.js": {
    "path": "/home/pls/03-vib/Caravan/caravanapp/server/core/errors/NotFoundError.js",
    "statementMap": {
      "0": {
        "start": { "line": 1, "column": 17 },
        "end": { "line": 1, "column": 38 }
      },
      "1": {
        "start": { "line": 5, "column": 4 },
        "end": { "line": 5, "column": 24 }
      },
      "2": {
        "start": { "line": 9, "column": 0 },
        "end": { "line": 9, "column": 31 }
      }
    },
    "fnMap": {
      "0": {
        "name": "(anonymous_0)",
        "decl": {
          "start": { "line": 4, "column": 2 },
          "end": { "line": 4, "column": 3 }
        },
        "loc": {
          "start": { "line": 4, "column": 46 },
          "end": { "line": 6, "column": 3 }
        },
        "line": 4
      }
    },
    "branchMap": {
      "0": {
        "loc": {
          "start": { "line": 4, "column": 14 },
          "end": { "line": 4, "column": 44 }
        },
        "type": "default-arg",
        "locations": [
          {
            "start": { "line": 4, "column": 24 },
            "end": { "line": 4, "column": 44 }
          }
        ],
        "line": 4
      }
    },
    "s": { "0": 4, "1": 5, "2": 4 },
    "f": { "0": 5 },
    "b": { "0": [0] },
    "_coverageSchema": "1a1c01bbd47fc00a2c39e90264f33305004495a9",
    "hash": "5dd91450317a0f8fc26c0bfd7f37dafffbe3bd8d"
  },
  "/home/pls/03-vib/Caravan/caravanapp/server/core/errors/ValidationError.js": {
    "path": "/home/pls/03-vib/Caravan/caravanapp/server/core/errors/ValidationError.js",
    "statementMap": {
      "0": {
        "start": { "line": 1, "column": 17 },
        "end": { "line": 1, "column": 38 }
      },
      "1": {
        "start": { "line": 5, "column": 4 },
        "end": { "line": 5, "column": 24 }
      },
      "2": {
        "start": { "line": 9, "column": 0 },
        "end": { "line": 9, "column": 33 }
      }
    },
    "fnMap": {
      "0": {
        "name": "(anonymous_0)",
        "decl": {
          "start": { "line": 4, "column": 2 },
          "end": { "line": 4, "column": 3 }
        },
        "loc": {
          "start": { "line": 4, "column": 44 },
          "end": { "line": 6, "column": 3 }
        },
        "line": 4
      }
    },
    "branchMap": {
      "0": {
        "loc": {
          "start": { "line": 4, "column": 14 },
          "end": { "line": 4, "column": 42 }
        },
        "type": "default-arg",
        "locations": [
          {
            "start": { "line": 4, "column": 24 },
            "end": { "line": 4, "column": 42 }
          }
        ],
        "line": 4
      }
    },
    "s": { "0": 1, "1": 1, "2": 1 },
    "f": { "0": 1 },
    "b": { "0": [0] },
    "_coverageSchema": "1a1c01bbd47fc00a2c39e90264f33305004495a9",
    "hash": "3eb694aa354ce3c6cd2fe2b53aa071ee4b26810c"
  },
  "/home/pls/03-vib/Caravan/caravanapp/server/models/Caravan.js": {
    "path": "/home/pls/03-vib/Caravan/caravanapp/server/models/Caravan.js",
    "statementMap": {
      "0": {
        "start": { "line": 1, "column": 17 },
        "end": { "line": 1, "column": 36 }
      },
      "1": {
        "start": { "line": 3, "column": 22 },
        "end": { "line": 36, "column": 2 }
      },
      "2": {
        "start": { "line": 38, "column": 0 },
        "end": { "line": 38, "column": 58 }
      }
    },
    "fnMap": {},
    "branchMap": {},
    "s": { "0": 2, "1": 2, "2": 2 },
    "f": {},
    "b": {},
    "_coverageSchema": "1a1c01bbd47fc00a2c39e90264f33305004495a9",
    "hash": "d3f6d2fde3e92f4c0440085483d6ec6d59562d6d"
  },
  "/home/pls/03-vib/Caravan/caravanapp/server/models/Reservation.js": {
    "path": "/home/pls/03-vib/Caravan/caravanapp/server/models/Reservation.js",
    "statementMap": {
      "0": {
        "start": { "line": 1, "column": 17 },
        "end": { "line": 1, "column": 36 }
      },
      "1": {
        "start": { "line": 3, "column": 26 },
        "end": { "line": 35, "column": 2 }
      },
      "2": {
        "start": { "line": 37, "column": 0 },
        "end": { "line": 37, "column": 66 }
      }
    },
    "fnMap": {},
    "branchMap": {},
    "s": { "0": 3, "1": 3, "2": 3 },
    "f": {},
    "b": {},
    "_coverageSchema": "1a1c01bbd47fc00a2c39e90264f33305004495a9",
    "hash": "37f37d6fa5ad884457987e5325ed06df20921576"
  },
  "/home/pls/03-vib/Caravan/caravanapp/server/models/Review.js": {
    "path": "/home/pls/03-vib/Caravan/caravanapp/server/models/Review.js",
    "statementMap": {
      "0": {
        "start": { "line": 1, "column": 17 },
        "end": { "line": 1, "column": 36 }
      },
      "1": {
        "start": { "line": 3, "column": 21 },
        "end": { "line": 32, "column": 2 }
      },
      "2": {
        "start": { "line": 34, "column": 0 },
        "end": { "line": 34, "column": 56 }
      }
    },
    "fnMap": {},
    "branchMap": {},
    "s": { "0": 1, "1": 1, "2": 1 },
    "f": {},
    "b": {},
    "_coverageSchema": "1a1c01bbd47fc00a2c39e90264f33305004495a9",
    "hash": "64b96e9c5cdd175786f6f4b2172fee985f6d6cee"
  },
  "/home/pls/03-vib/Caravan/caravanapp/server/models/User.js": {
    "path": "/home/pls/03-vib/Caravan/caravanapp/server/models/User.js",
    "statementMap": {
      "0": {
        "start": { "line": 1, "column": 17 },
        "end": { "line": 1, "column": 36 }
      },
      "1": {
        "start": { "line": 3, "column": 19 },
        "end": { "line": 37, "column": 2 }
      },
      "2": {
        "start": { "line": 39, "column": 0 },
        "end": { "line": 39, "column": 52 }
      }
    },
    "fnMap": {},
    "branchMap": {},
    "s": { "0": 2, "1": 2, "2": 2 },
    "f": {},
    "b": {},
    "_coverageSchema": "1a1c01bbd47fc00a2c39e90264f33305004495a9",
    "hash": "4fdffadac322e4f2d0207475a1ed8d43b1114da6"
  },
  "/home/pls/03-vib/Caravan/caravanapp/server/repositories/CaravanRepository.js": {
    "path": "/home/pls/03-vib/Caravan/caravanapp/server/repositories/CaravanRepository.js",
    "statementMap": {
      "0": {
        "start": { "line": 1, "column": 16 },
        "end": { "line": 1, "column": 44 }
      },
      "1": {
        "start": { "line": 5, "column": 4 },
        "end": { "line": 5, "column": 38 }
      },
      "2": {
        "start": { "line": 9, "column": 4 },
        "end": { "line": 9, "column": 48 }
      },
      "3": {
        "start": { "line": 13, "column": 0 },
        "end": { "line": 13, "column": 35 }
      }
    },
    "fnMap": {
      "0": {
        "name": "(anonymous_0)",
        "decl": {
          "start": { "line": 4, "column": 2 },
          "end": { "line": 4, "column": 3 }
        },
        "loc": {
          "start": { "line": 4, "column": 21 },
          "end": { "line": 6, "column": 3 }
        },
        "line": 4
      },
      "1": {
        "name": "(anonymous_1)",
        "decl": {
          "start": { "line": 8, "column": 2 },
          "end": { "line": 8, "column": 3 }
        },
        "loc": {
          "start": { "line": 8, "column": 29 },
          "end": { "line": 10, "column": 3 }
        },
        "line": 8
      }
    },
    "branchMap": {},
    "s": { "0": 1, "1": 0, "2": 0, "3": 1 },
    "f": { "0": 0, "1": 0 },
    "b": {},
    "_coverageSchema": "1a1c01bbd47fc00a2c39e90264f33305004495a9",
    "hash": "cace19bc559a3110081d0f2e9cab1f5d706d03a8"
  },
  "/home/pls/03-vib/Caravan/caravanapp/server/repositories/ReservationRepository.js": {
    "path": "/home/pls/03-vib/Caravan/caravanapp/server/repositories/ReservationRepository.js",
    "statementMap": {
      "0": {
        "start": { "line": 1, "column": 20 },
        "end": { "line": 1, "column": 52 }
      },
      "1": {
        "start": { "line": 5, "column": 24 },
        "end": { "line": 5, "column": 56 }
      },
      "2": {
        "start": { "line": 6, "column": 4 },
        "end": { "line": 6, "column": 36 }
      },
      "3": {
        "start": { "line": 10, "column": 4 },
        "end": { "line": 10, "column": 42 }
      },
      "4": {
        "start": { "line": 14, "column": 4 },
        "end": { "line": 14, "column": 58 }
      },
      "5": {
        "start": { "line": 18, "column": 4 },
        "end": { "line": 18, "column": 68 }
      },
      "6": {
        "start": { "line": 22, "column": 4 },
        "end": { "line": 22, "column": 52 }
      },
      "7": {
        "start": { "line": 26, "column": 4 },
        "end": { "line": 28, "column": 7 }
      },
      "8": {
        "start": { "line": 32, "column": 4 },
        "end": { "line": 32, "column": 51 }
      },
      "9": {
        "start": { "line": 36, "column": 0 },
        "end": { "line": 36, "column": 39 }
      }
    },
    "fnMap": {
      "0": {
        "name": "(anonymous_0)",
        "decl": {
          "start": { "line": 4, "column": 2 },
          "end": { "line": 4, "column": 3 }
        },
        "loc": {
          "start": { "line": 4, "column": 32 },
          "end": { "line": 7, "column": 3 }
        },
        "line": 4
      },
      "1": {
        "name": "(anonymous_1)",
        "decl": {
          "start": { "line": 9, "column": 2 },
          "end": { "line": 9, "column": 3 }
        },
        "loc": {
          "start": { "line": 9, "column": 21 },
          "end": { "line": 11, "column": 3 }
        },
        "line": 9
      },
      "2": {
        "name": "(anonymous_2)",
        "decl": {
          "start": { "line": 13, "column": 2 },
          "end": { "line": 13, "column": 3 }
        },
        "loc": {
          "start": { "line": 13, "column": 35 },
          "end": { "line": 15, "column": 3 }
        },
        "line": 13
      },
      "3": {
        "name": "(anonymous_3)",
        "decl": {
          "start": { "line": 17, "column": 2 },
          "end": { "line": 17, "column": 3 }
        },
        "loc": {
          "start": { "line": 17, "column": 37 },
          "end": { "line": 19, "column": 3 }
        },
        "line": 17
      },
      "4": {
        "name": "(anonymous_4)",
        "decl": {
          "start": { "line": 21, "column": 2 },
          "end": { "line": 21, "column": 3 }
        },
        "loc": {
          "start": { "line": 21, "column": 29 },
          "end": { "line": 23, "column": 3 }
        },
        "line": 21
      },
      "5": {
        "name": "(anonymous_5)",
        "decl": {
          "start": { "line": 25, "column": 2 },
          "end": { "line": 25, "column": 3 }
        },
        "loc": {
          "start": { "line": 25, "column": 36 },
          "end": { "line": 29, "column": 3 }
        },
        "line": 25
      },
      "6": {
        "name": "(anonymous_6)",
        "decl": {
          "start": { "line": 31, "column": 2 },
          "end": { "line": 31, "column": 3 }
        },
        "loc": {
          "start": { "line": 31, "column": 19 },
          "end": { "line": 33, "column": 3 }
        },
        "line": 31
      }
    },
    "branchMap": {},
    "s": {
      "0": 1,
      "1": 0,
      "2": 0,
      "3": 0,
      "4": 0,
      "5": 0,
      "6": 0,
      "7": 0,
      "8": 0,
      "9": 1
    },
    "f": { "0": 0, "1": 0, "2": 0, "3": 0, "4": 0, "5": 0, "6": 0 },
    "b": {},
    "_coverageSchema": "1a1c01bbd47fc00a2c39e90264f33305004495a9",
    "hash": "e20f3968c4b7e39c30db6ec82cb295b873961020"
  },
  "/home/pls/03-vib/Caravan/caravanapp/server/services/CaravanService.js": {
    "path": "/home/pls/03-vib/Caravan/caravanapp/server/services/CaravanService.js",
    "statementMap": {
      "0": {
        "start": { "line": 1, "column": 16 },
        "end": { "line": 1, "column": 44 }
      },
      "1": {
        "start": { "line": 2, "column": 13 },
        "end": { "line": 2, "column": 38 }
      },
      "2": {
        "start": { "line": 3, "column": 27 },
        "end": { "line": 3, "column": 71 }
      },
      "3": {
        "start": { "line": 4, "column": 22 },
        "end": { "line": 4, "column": 61 }
      },
      "4": {
        "start": { "line": 8, "column": 17 },
        "end": { "line": 8, "column": 44 }
      },
      "5": {
        "start": { "line": 9, "column": 4 },
        "end": { "line": 11, "column": 5 }
      },
      "6": {
        "start": { "line": 10, "column": 6 },
        "end": { "line": 10, "column": 58 }
      },
      "7": {
        "start": { "line": 13, "column": 23 },
        "end": { "line": 16, "column": 6 }
      },
      "8": {
        "start": { "line": 18, "column": 20 },
        "end": { "line": 18, "column": 43 }
      },
      "9": {
        "start": { "line": 19, "column": 4 },
        "end": { "line": 19, "column": 19 }
      },
      "10": {
        "start": { "line": 23, "column": 21 },
        "end": { "line": 23, "column": 41 }
      },
      "11": {
        "start": { "line": 24, "column": 4 },
        "end": { "line": 24, "column": 20 }
      },
      "12": {
        "start": { "line": 28, "column": 20 },
        "end": { "line": 28, "column": 53 }
      },
      "13": {
        "start": { "line": 29, "column": 4 },
        "end": { "line": 31, "column": 5 }
      },
      "14": {
        "start": { "line": 30, "column": 6 },
        "end": { "line": 30, "column": 51 }
      },
      "15": {
        "start": { "line": 32, "column": 4 },
        "end": { "line": 32, "column": 19 }
      },
      "16": {
        "start": { "line": 36, "column": 18 },
        "end": { "line": 36, "column": 54 }
      },
      "17": {
        "start": { "line": 38, "column": 4 },
        "end": { "line": 40, "column": 5 }
      },
      "18": {
        "start": { "line": 39, "column": 6 },
        "end": { "line": 39, "column": 53 }
      },
      "19": {
        "start": { "line": 42, "column": 4 },
        "end": { "line": 46, "column": 6 }
      },
      "20": {
        "start": { "line": 48, "column": 4 },
        "end": { "line": 48, "column": 19 }
      },
      "21": {
        "start": { "line": 52, "column": 18 },
        "end": { "line": 52, "column": 54 }
      },
      "22": {
        "start": { "line": 54, "column": 4 },
        "end": { "line": 56, "column": 5 }
      },
      "23": {
        "start": { "line": 55, "column": 6 },
        "end": { "line": 55, "column": 53 }
      },
      "24": {
        "start": { "line": 58, "column": 4 },
        "end": { "line": 58, "column": 47 }
      },
      "25": {
        "start": { "line": 60, "column": 4 },
        "end": { "line": 60, "column": 38 }
      },
      "26": {
        "start": { "line": 64, "column": 0 },
        "end": { "line": 64, "column": 32 }
      }
    },
    "fnMap": {
      "0": {
        "name": "(anonymous_0)",
        "decl": {
          "start": { "line": 7, "column": 2 },
          "end": { "line": 7, "column": 3 }
        },
        "loc": {
          "start": { "line": 7, "column": 43 },
          "end": { "line": 20, "column": 3 }
        },
        "line": 7
      },
      "1": {
        "name": "(anonymous_1)",
        "decl": {
          "start": { "line": 22, "column": 2 },
          "end": { "line": 22, "column": 3 }
        },
        "loc": {
          "start": { "line": 22, "column": 22 },
          "end": { "line": 25, "column": 3 }
        },
        "line": 22
      },
      "2": {
        "name": "(anonymous_2)",
        "decl": {
          "start": { "line": 27, "column": 2 },
          "end": { "line": 27, "column": 3 }
        },
        "loc": {
          "start": { "line": 27, "column": 34 },
          "end": { "line": 33, "column": 3 }
        },
        "line": 27
      },
      "3": {
        "name": "(anonymous_3)",
        "decl": {
          "start": { "line": 35, "column": 2 },
          "end": { "line": 35, "column": 3 }
        },
        "loc": {
          "start": { "line": 35, "column": 54 },
          "end": { "line": 49, "column": 3 }
        },
        "line": 35
      },
      "4": {
        "name": "(anonymous_4)",
        "decl": {
          "start": { "line": 51, "column": 2 },
          "end": { "line": 51, "column": 3 }
        },
        "loc": {
          "start": { "line": 51, "column": 41 },
          "end": { "line": 61, "column": 3 }
        },
        "line": 51
      }
    },
    "branchMap": {
      "0": {
        "loc": {
          "start": { "line": 9, "column": 4 },
          "end": { "line": 11, "column": 5 }
        },
        "type": "if",
        "locations": [
          {
            "start": { "line": 9, "column": 4 },
            "end": { "line": 11, "column": 5 }
          },
          { "start": {}, "end": {} }
        ],
        "line": 9
      },
      "1": {
        "loc": {
          "start": { "line": 29, "column": 4 },
          "end": { "line": 31, "column": 5 }
        },
        "type": "if",
        "locations": [
          {
            "start": { "line": 29, "column": 4 },
            "end": { "line": 31, "column": 5 }
          },
          { "start": {}, "end": {} }
        ],
        "line": 29
      },
      "2": {
        "loc": {
          "start": { "line": 38, "column": 4 },
          "end": { "line": 40, "column": 5 }
        },
        "type": "if",
        "locations": [
          {
            "start": { "line": 38, "column": 4 },
            "end": { "line": 40, "column": 5 }
          },
          { "start": {}, "end": {} }
        ],
        "line": 38
      },
      "3": {
        "loc": {
          "start": { "line": 54, "column": 4 },
          "end": { "line": 56, "column": 5 }
        },
        "type": "if",
        "locations": [
          {
            "start": { "line": 54, "column": 4 },
            "end": { "line": 56, "column": 5 }
          },
          { "start": {}, "end": {} }
        ],
        "line": 54
      }
    },
    "s": {
      "0": 1,
      "1": 1,
      "2": 1,
      "3": 1,
      "4": 2,
      "5": 2,
      "6": 1,
      "7": 1,
      "8": 1,
      "9": 1,
      "10": 1,
      "11": 1,
      "12": 2,
      "13": 2,
      "14": 1,
      "15": 1,
      "16": 2,
      "17": 2,
      "18": 1,
      "19": 1,
      "20": 1,
      "21": 2,
      "22": 2,
      "23": 1,
      "24": 1,
      "25": 1,
      "26": 1
    },
    "f": { "0": 2, "1": 1, "2": 2, "3": 2, "4": 2 },
    "b": { "0": [1, 1], "1": [1, 1], "2": [1, 1], "3": [1, 1] },
    "_coverageSchema": "1a1c01bbd47fc00a2c39e90264f33305004495a9",
    "hash": "c161f0e223d1f0ff51e895ccef4903b3daadc02e"
  },
  "/home/pls/03-vib/Caravan/caravanapp/server/services/ReservationFactory.js": {
    "path": "/home/pls/03-vib/Caravan/caravanapp/server/services/ReservationFactory.js",
    "statementMap": {
      "0": {
        "start": { "line": 1, "column": 20 },
        "end": { "line": 1, "column": 52 }
      },
      "1": {
        "start": { "line": 5, "column": 4 },
        "end": { "line": 5, "column": 44 }
      },
      "2": {
        "start": { "line": 9, "column": 0 },
        "end": { "line": 9, "column": 36 }
      }
    },
    "fnMap": {
      "0": {
        "name": "(anonymous_0)",
        "decl": {
          "start": { "line": 4, "column": 2 },
          "end": { "line": 4, "column": 3 }
        },
        "loc": {
          "start": { "line": 4, "column": 26 },
          "end": { "line": 6, "column": 3 }
        },
        "line": 4
      }
    },
    "branchMap": {},
    "s": { "0": 1, "1": 0, "2": 1 },
    "f": { "0": 0 },
    "b": {},
    "_coverageSchema": "1a1c01bbd47fc00a2c39e90264f33305004495a9",
    "hash": "5e198031aad868627fff906febc6b8bbd0d1f73e"
  },
  "/home/pls/03-vib/Caravan/caravanapp/server/services/ReservationService.js": {
    "path": "/home/pls/03-vib/Caravan/caravanapp/server/services/ReservationService.js",
    "statementMap": {
      "0": {
        "start": { "line": 1, "column": 22 },
        "end": { "line": 1, "column": 61 }
      },
      "1": {
        "start": { "line": 2, "column": 27 },
        "end": { "line": 2, "column": 71 }
      },
      "2": {
        "start": { "line": 3, "column": 30 },
        "end": { "line": 3, "column": 78 }
      },
      "3": {
        "start": { "line": 4, "column": 26 },
        "end": { "line": 4, "column": 70 }
      },
      "4": {
        "start": { "line": 5, "column": 27 },
        "end": { "line": 5, "column": 58 }
      },
      "5": {
        "start": { "line": 6, "column": 19 },
        "end": { "line": 6, "column": 51 }
      },
      "6": {
        "start": { "line": 7, "column": 28 },
        "end": { "line": 7, "column": 73 }
      },
      "7": {
        "start": { "line": 8, "column": 22 },
        "end": { "line": 8, "column": 61 }
      },
      "8": {
        "start": { "line": 10, "column": 29 },
        "end": { "line": 10, "column": 48 }
      },
      "9": {
        "start": { "line": 14, "column": 4 },
        "end": { "line": 14, "column": 53 }
      },
      "10": {
        "start": { "line": 15, "column": 4 },
        "end": { "line": 15, "column": 61 }
      },
      "11": {
        "start": { "line": 16, "column": 4 },
        "end": { "line": 16, "column": 53 }
      },
      "12": {
        "start": { "line": 17, "column": 4 },
        "end": { "line": 17, "column": 55 }
      },
      "13": {
        "start": { "line": 18, "column": 4 },
        "end": { "line": 18, "column": 45 }
      },
      "14": {
        "start": { "line": 19, "column": 4 },
        "end": { "line": 19, "column": 57 }
      },
      "15": {
        "start": { "line": 20, "column": 4 },
        "end": { "line": 20, "column": 62 }
      },
      "16": {
        "start": { "line": 24, "column": 18 },
        "end": { "line": 24, "column": 37 }
      },
      "17": {
        "start": { "line": 25, "column": 16 },
        "end": { "line": 25, "column": 33 }
      },
      "18": {
        "start": { "line": 26, "column": 27 },
        "end": { "line": 26, "column": 63 }
      },
      "19": {
        "start": { "line": 27, "column": 18 },
        "end": { "line": 27, "column": 44 }
      },
      "20": {
        "start": { "line": 28, "column": 4 },
        "end": { "line": 28, "column": 58 }
      },
      "21": {
        "start": { "line": 32, "column": 44 },
        "end": { "line": 32, "column": 59 }
      },
      "22": {
        "start": { "line": 34, "column": 4 },
        "end": { "line": 34, "column": 74 }
      },
      "23": {
        "start": { "line": 36, "column": 26 },
        "end": { "line": 36, "column": 72 }
      },
      "24": {
        "start": { "line": 38, "column": 31 },
        "end": { "line": 48, "column": 5 }
      },
      "25": {
        "start": { "line": 50, "column": 24 },
        "end": { "line": 50, "column": 74 }
      },
      "26": {
        "start": { "line": 51, "column": 29 },
        "end": { "line": 51, "column": 81 }
      },
      "27": {
        "start": { "line": 53, "column": 4 },
        "end": { "line": 53, "column": 54 }
      },
      "28": {
        "start": { "line": 55, "column": 4 },
        "end": { "line": 55, "column": 28 }
      },
      "29": {
        "start": { "line": 59, "column": 25 },
        "end": { "line": 59, "column": 78 }
      },
      "30": {
        "start": { "line": 60, "column": 4 },
        "end": { "line": 60, "column": 24 }
      },
      "31": {
        "start": { "line": 64, "column": 24 },
        "end": { "line": 64, "column": 80 }
      },
      "32": {
        "start": { "line": 66, "column": 4 },
        "end": { "line": 68, "column": 5 }
      },
      "33": {
        "start": { "line": 67, "column": 6 },
        "end": { "line": 67, "column": 55 }
      },
      "34": {
        "start": { "line": 70, "column": 20 },
        "end": { "line": 70, "column": 78 }
      },
      "35": {
        "start": { "line": 71, "column": 4 },
        "end": { "line": 76, "column": 5 }
      },
      "36": {
        "start": { "line": 75, "column": 6 },
        "end": { "line": 75, "column": 58 }
      },
      "37": {
        "start": { "line": 77, "column": 4 },
        "end": { "line": 77, "column": 23 }
      },
      "38": {
        "start": { "line": 81, "column": 22 },
        "end": { "line": 81, "column": 78 }
      },
      "39": {
        "start": { "line": 83, "column": 4 },
        "end": { "line": 85, "column": 5 }
      },
      "40": {
        "start": { "line": 84, "column": 6 },
        "end": { "line": 84, "column": 55 }
      },
      "41": {
        "start": { "line": 87, "column": 20 },
        "end": { "line": 87, "column": 78 }
      },
      "42": {
        "start": { "line": 88, "column": 4 },
        "end": { "line": 90, "column": 5 }
      },
      "43": {
        "start": { "line": 89, "column": 6 },
        "end": { "line": 89, "column": 58 }
      },
      "44": {
        "start": { "line": 92, "column": 4 },
        "end": { "line": 94, "column": 7 }
      },
      "45": {
        "start": { "line": 96, "column": 4 },
        "end": { "line": 96, "column": 23 }
      },
      "46": {
        "start": { "line": 100, "column": 21 },
        "end": { "line": 100, "column": 70 }
      },
      "47": {
        "start": { "line": 101, "column": 23 },
        "end": { "line": 101, "column": 61 }
      },
      "48": {
        "start": { "line": 101, "column": 49 },
        "end": { "line": 101, "column": 60 }
      },
      "49": {
        "start": { "line": 102, "column": 25 },
        "end": { "line": 104, "column": 5 }
      },
      "50": {
        "start": { "line": 105, "column": 4 },
        "end": { "line": 105, "column": 24 }
      },
      "51": {
        "start": { "line": 109, "column": 0 },
        "end": { "line": 109, "column": 36 }
      }
    },
    "fnMap": {
      "0": {
        "name": "(anonymous_0)",
        "decl": {
          "start": { "line": 13, "column": 2 },
          "end": { "line": 13, "column": 3 }
        },
        "loc": {
          "start": { "line": 13, "column": 36 },
          "end": { "line": 21, "column": 3 }
        },
        "line": 13
      },
      "1": {
        "name": "(anonymous_1)",
        "decl": {
          "start": { "line": 23, "column": 2 },
          "end": { "line": 23, "column": 3 }
        },
        "loc": {
          "start": { "line": 23, "column": 54 },
          "end": { "line": 29, "column": 3 }
        },
        "line": 23
      },
      "2": {
        "name": "(anonymous_2)",
        "decl": {
          "start": { "line": 31, "column": 2 },
          "end": { "line": 31, "column": 3 }
        },
        "loc": {
          "start": { "line": 31, "column": 51 },
          "end": { "line": 56, "column": 3 }
        },
        "line": 31
      },
      "3": {
        "name": "(anonymous_3)",
        "decl": {
          "start": { "line": 58, "column": 2 },
          "end": { "line": 58, "column": 3 }
        },
        "loc": {
          "start": { "line": 58, "column": 39 },
          "end": { "line": 61, "column": 3 }
        },
        "line": 58
      },
      "4": {
        "name": "(anonymous_4)",
        "decl": {
          "start": { "line": 63, "column": 2 },
          "end": { "line": 63, "column": 3 }
        },
        "loc": {
          "start": { "line": 63, "column": 50 },
          "end": { "line": 78, "column": 3 }
        },
        "line": 63
      },
      "5": {
        "name": "(anonymous_5)",
        "decl": {
          "start": { "line": 80, "column": 2 },
          "end": { "line": 80, "column": 3 }
        },
        "loc": {
          "start": { "line": 80, "column": 63 },
          "end": { "line": 97, "column": 3 }
        },
        "line": 80
      },
      "6": {
        "name": "(anonymous_6)",
        "decl": {
          "start": { "line": 99, "column": 2 },
          "end": { "line": 99, "column": 3 }
        },
        "loc": {
          "start": { "line": 99, "column": 39 },
          "end": { "line": 106, "column": 3 }
        },
        "line": 99
      },
      "7": {
        "name": "(anonymous_7)",
        "decl": {
          "start": { "line": 101, "column": 36 },
          "end": { "line": 101, "column": 37 }
        },
        "loc": {
          "start": { "line": 101, "column": 49 },
          "end": { "line": 101, "column": 60 }
        },
        "line": 101
      }
    },
    "branchMap": {
      "0": {
        "loc": {
          "start": { "line": 66, "column": 4 },
          "end": { "line": 68, "column": 5 }
        },
        "type": "if",
        "locations": [
          {
            "start": { "line": 66, "column": 4 },
            "end": { "line": 68, "column": 5 }
          },
          { "start": {}, "end": {} }
        ],
        "line": 66
      },
      "1": {
        "loc": {
          "start": { "line": 71, "column": 4 },
          "end": { "line": 76, "column": 5 }
        },
        "type": "if",
        "locations": [
          {
            "start": { "line": 71, "column": 4 },
            "end": { "line": 76, "column": 5 }
          },
          { "start": {}, "end": {} }
        ],
        "line": 71
      },
      "2": {
        "loc": {
          "start": { "line": 72, "column": 6 },
          "end": { "line": 73, "column": 40 }
        },
        "type": "binary-expr",
        "locations": [
          {
            "start": { "line": 72, "column": 6 },
            "end": { "line": 72, "column": 45 }
          },
          {
            "start": { "line": 73, "column": 6 },
            "end": { "line": 73, "column": 40 }
          }
        ],
        "line": 72
      },
      "3": {
        "loc": {
          "start": { "line": 83, "column": 4 },
          "end": { "line": 85, "column": 5 }
        },
        "type": "if",
        "locations": [
          {
            "start": { "line": 83, "column": 4 },
            "end": { "line": 85, "column": 5 }
          },
          { "start": {}, "end": {} }
        ],
        "line": 83
      },
      "4": {
        "loc": {
          "start": { "line": 88, "column": 4 },
          "end": { "line": 90, "column": 5 }
        },
        "type": "if",
        "locations": [
          {
            "start": { "line": 88, "column": 4 },
            "end": { "line": 90, "column": 5 }
          },
          { "start": {}, "end": {} }
        ],
        "line": 88
      }
    },
    "s": {
      "0": 1,
      "1": 1,
      "2": 1,
      "3": 1,
      "4": 1,
      "5": 1,
      "6": 1,
      "7": 1,
      "8": 1,
      "9": 9,
      "10": 9,
      "11": 9,
      "12": 9,
      "13": 9,
      "14": 9,
      "15": 9,
      "16": 1,
      "17": 1,
      "18": 1,
      "19": 1,
      "20": 1,
      "21": 1,
      "22": 1,
      "23": 1,
      "24": 1,
      "25": 1,
      "26": 1,
      "27": 1,
      "28": 1,
      "29": 1,
      "30": 1,
      "31": 3,
      "32": 3,
      "33": 1,
      "34": 2,
      "35": 2,
      "36": 1,
      "37": 1,
      "38": 3,
      "39": 3,
      "40": 1,
      "41": 2,
      "42": 2,
      "43": 1,
      "44": 1,
      "45": 1,
      "46": 1,
      "47": 1,
      "48": 2,
      "49": 1,
      "50": 1,
      "51": 1
    },
    "f": { "0": 9, "1": 1, "2": 1, "3": 1, "4": 3, "5": 3, "6": 1, "7": 2 },
    "b": { "0": [1, 2], "1": [1, 1], "2": [2, 1], "3": [1, 2], "4": [1, 1] },
    "_coverageSchema": "1a1c01bbd47fc00a2c39e90264f33305004495a9",
    "hash": "c30495764c5ed4c67f72ef847779d4deae3a3256"
  },
  "/home/pls/03-vib/Caravan/caravanapp/server/services/ReviewService.js": {
    "path": "/home/pls/03-vib/Caravan/caravanapp/server/services/ReviewService.js",
    "statementMap": {
      "0": {
        "start": { "line": 1, "column": 15 },
        "end": { "line": 1, "column": 42 }
      },
      "1": {
        "start": { "line": 2, "column": 20 },
        "end": { "line": 2, "column": 52 }
      },
      "2": {
        "start": { "line": 3, "column": 22 },
        "end": { "line": 3, "column": 61 }
      },
      "3": {
        "start": { "line": 4, "column": 24 },
        "end": { "line": 4, "column": 65 }
      },
      "4": {
        "start": { "line": 5, "column": 27 },
        "end": { "line": 5, "column": 71 }
      },
      "5": {
        "start": { "line": 9, "column": 47 },
        "end": { "line": 9, "column": 57 }
      },
      "6": {
        "start": { "line": 11, "column": 24 },
        "end": { "line": 13, "column": 5 }
      },
      "7": {
        "start": { "line": 14, "column": 4 },
        "end": { "line": 16, "column": 5 }
      },
      "8": {
        "start": { "line": 15, "column": 6 },
        "end": { "line": 15, "column": 55 }
      },
      "9": {
        "start": { "line": 18, "column": 4 },
        "end": { "line": 20, "column": 5 }
      },
      "10": {
        "start": { "line": 19, "column": 6 },
        "end": { "line": 19, "column": 65 }
      },
      "11": {
        "start": { "line": 22, "column": 18 },
        "end": { "line": 22, "column": 46 }
      },
      "12": {
        "start": { "line": 23, "column": 17 },
        "end": { "line": 23, "column": 52 }
      },
      "13": {
        "start": { "line": 26, "column": 4 },
        "end": { "line": 32, "column": 5 }
      },
      "14": {
        "start": { "line": 27, "column": 6 },
        "end": { "line": 27, "column": 22 }
      },
      "15": {
        "start": { "line": 28, "column": 11 },
        "end": { "line": 32, "column": 5 }
      },
      "16": {
        "start": { "line": 29, "column": 6 },
        "end": { "line": 29, "column": 23 }
      },
      "17": {
        "start": { "line": 31, "column": 6 },
        "end": { "line": 31, "column": 58 }
      },
      "18": {
        "start": { "line": 34, "column": 22 },
        "end": { "line": 40, "column": 6 }
      },
      "19": {
        "start": { "line": 42, "column": 19 },
        "end": { "line": 42, "column": 41 }
      },
      "20": {
        "start": { "line": 43, "column": 4 },
        "end": { "line": 43, "column": 18 }
      },
      "21": {
        "start": { "line": 47, "column": 20 },
        "end": { "line": 50, "column": 5 }
      },
      "22": {
        "start": { "line": 51, "column": 4 },
        "end": { "line": 51, "column": 19 }
      },
      "23": {
        "start": { "line": 55, "column": 25 },
        "end": { "line": 55, "column": 71 }
      },
      "24": {
        "start": { "line": 56, "column": 27 },
        "end": { "line": 56, "column": 61 }
      },
      "25": {
        "start": { "line": 56, "column": 53 },
        "end": { "line": 56, "column": 60 }
      },
      "26": {
        "start": { "line": 57, "column": 20 },
        "end": { "line": 59, "column": 37 }
      },
      "27": {
        "start": { "line": 60, "column": 4 },
        "end": { "line": 60, "column": 19 }
      },
      "28": {
        "start": { "line": 64, "column": 0 },
        "end": { "line": 64, "column": 31 }
      }
    },
    "fnMap": {
      "0": {
        "name": "(anonymous_0)",
        "decl": {
          "start": { "line": 8, "column": 2 },
          "end": { "line": 8, "column": 3 }
        },
        "loc": {
          "start": { "line": 8, "column": 41 },
          "end": { "line": 44, "column": 3 }
        },
        "line": 8
      },
      "1": {
        "name": "(anonymous_1)",
        "decl": {
          "start": { "line": 46, "column": 2 },
          "end": { "line": 46, "column": 3 }
        },
        "loc": {
          "start": { "line": 46, "column": 34 },
          "end": { "line": 52, "column": 3 }
        },
        "line": 46
      },
      "2": {
        "name": "(anonymous_2)",
        "decl": {
          "start": { "line": 54, "column": 2 },
          "end": { "line": 54, "column": 3 }
        },
        "loc": {
          "start": { "line": 54, "column": 40 },
          "end": { "line": 61, "column": 3 }
        },
        "line": 54
      },
      "3": {
        "name": "(anonymous_3)",
        "decl": {
          "start": { "line": 56, "column": 44 },
          "end": { "line": 56, "column": 45 }
        },
        "loc": {
          "start": { "line": 56, "column": 53 },
          "end": { "line": 56, "column": 60 }
        },
        "line": 56
      }
    },
    "branchMap": {
      "0": {
        "loc": {
          "start": { "line": 14, "column": 4 },
          "end": { "line": 16, "column": 5 }
        },
        "type": "if",
        "locations": [
          {
            "start": { "line": 14, "column": 4 },
            "end": { "line": 16, "column": 5 }
          },
          { "start": {}, "end": {} }
        ],
        "line": 14
      },
      "1": {
        "loc": {
          "start": { "line": 18, "column": 4 },
          "end": { "line": 20, "column": 5 }
        },
        "type": "if",
        "locations": [
          {
            "start": { "line": 18, "column": 4 },
            "end": { "line": 20, "column": 5 }
          },
          { "start": {}, "end": {} }
        ],
        "line": 18
      },
      "2": {
        "loc": {
          "start": { "line": 26, "column": 4 },
          "end": { "line": 32, "column": 5 }
        },
        "type": "if",
        "locations": [
          {
            "start": { "line": 26, "column": 4 },
            "end": { "line": 32, "column": 5 }
          },
          {
            "start": { "line": 28, "column": 11 },
            "end": { "line": 32, "column": 5 }
          }
        ],
        "line": 26
      },
      "3": {
        "loc": {
          "start": { "line": 28, "column": 11 },
          "end": { "line": 32, "column": 5 }
        },
        "type": "if",
        "locations": [
          {
            "start": { "line": 28, "column": 11 },
            "end": { "line": 32, "column": 5 }
          },
          {
            "start": { "line": 30, "column": 11 },
            "end": { "line": 32, "column": 5 }
          }
        ],
        "line": 28
      }
    },
    "s": {
      "0": 1,
      "1": 1,
      "2": 1,
      "3": 1,
      "4": 1,
      "5": 4,
      "6": 4,
      "7": 4,
      "8": 1,
      "9": 3,
      "10": 1,
      "11": 2,
      "12": 2,
      "13": 2,
      "14": 1,
      "15": 1,
      "16": 0,
      "17": 1,
      "18": 1,
      "19": 1,
      "20": 1,
      "21": 1,
      "22": 1,
      "23": 1,
      "24": 1,
      "25": 2,
      "26": 1,
      "27": 1,
      "28": 1
    },
    "f": { "0": 4, "1": 1, "2": 1, "3": 2 },
    "b": { "0": [1, 3], "1": [1, 2], "2": [1, 1], "3": [0, 1] },
    "_coverageSchema": "1a1c01bbd47fc00a2c39e90264f33305004495a9",
    "hash": "cc94885aa7969390ee130be086fe0fe2d7c05360"
  },
  "/home/pls/03-vib/Caravan/caravanapp/server/services/UserService.js": {
    "path": "/home/pls/03-vib/Caravan/caravanapp/server/services/UserService.js",
    "statementMap": {
      "0": {
        "start": { "line": 1, "column": 15 },
        "end": { "line": 1, "column": 34 }
      },
      "1": {
        "start": { "line": 2, "column": 12 },
        "end": { "line": 2, "column": 35 }
      },
      "2": {
        "start": { "line": 3, "column": 13 },
        "end": { "line": 3, "column": 38 }
      },
      "3": {
        "start": { "line": 4, "column": 24 },
        "end": { "line": 4, "column": 65 }
      },
      "4": {
        "start": { "line": 5, "column": 22 },
        "end": { "line": 5, "column": 61 }
      },
      "5": {
        "start": { "line": 7, "column": 19 },
        "end": { "line": 7, "column": 30 }
      },
      "6": {
        "start": { "line": 8, "column": 23 },
        "end": { "line": 8, "column": 29 }
      },
      "7": {
        "start": { "line": 9, "column": 27 },
        "end": { "line": 9, "column": 29 }
      },
      "8": {
        "start": { "line": 13, "column": 48 },
        "end": { "line": 13, "column": 56 }
      },
      "9": {
        "start": { "line": 15, "column": 15 },
        "end": { "line": 15, "column": 44 }
      },
      "10": {
        "start": { "line": 16, "column": 4 },
        "end": { "line": 18, "column": 5 }
      },
      "11": {
        "start": { "line": 17, "column": 6 },
        "end": { "line": 17, "column": 55 }
      },
      "12": {
        "start": { "line": 20, "column": 4 },
        "end": { "line": 25, "column": 7 }
      },
      "13": {
        "start": { "line": 27, "column": 17 },
        "end": { "line": 27, "column": 57 }
      },
      "14": {
        "start": { "line": 28, "column": 4 },
        "end": { "line": 28, "column": 54 }
      },
      "15": {
        "start": { "line": 30, "column": 4 },
        "end": { "line": 30, "column": 29 }
      },
      "16": {
        "start": { "line": 32, "column": 20 },
        "end": { "line": 36, "column": 5 }
      },
      "17": {
        "start": { "line": 38, "column": 18 },
        "end": { "line": 38, "column": 78 }
      },
      "18": {
        "start": { "line": 39, "column": 4 },
        "end": { "line": 39, "column": 21 }
      },
      "19": {
        "start": { "line": 43, "column": 32 },
        "end": { "line": 43, "column": 43 }
      },
      "20": {
        "start": { "line": 45, "column": 15 },
        "end": { "line": 45, "column": 44 }
      },
      "21": {
        "start": { "line": 46, "column": 4 },
        "end": { "line": 48, "column": 5 }
      },
      "22": {
        "start": { "line": 47, "column": 6 },
        "end": { "line": 47, "column": 55 }
      },
      "23": {
        "start": { "line": 50, "column": 20 },
        "end": { "line": 50, "column": 65 }
      },
      "24": {
        "start": { "line": 51, "column": 4 },
        "end": { "line": 53, "column": 5 }
      },
      "25": {
        "start": { "line": 52, "column": 6 },
        "end": { "line": 52, "column": 55 }
      },
      "26": {
        "start": { "line": 55, "column": 20 },
        "end": { "line": 59, "column": 5 }
      },
      "27": {
        "start": { "line": 61, "column": 18 },
        "end": { "line": 61, "column": 78 }
      },
      "28": {
        "start": { "line": 62, "column": 4 },
        "end": { "line": 62, "column": 21 }
      },
      "29": {
        "start": { "line": 66, "column": 17 },
        "end": { "line": 66, "column": 64 }
      },
      "30": {
        "start": { "line": 67, "column": 4 },
        "end": { "line": 69, "column": 5 }
      },
      "31": {
        "start": { "line": 68, "column": 6 },
        "end": { "line": 68, "column": 48 }
      },
      "32": {
        "start": { "line": 70, "column": 4 },
        "end": { "line": 70, "column": 16 }
      },
      "33": {
        "start": { "line": 74, "column": 0 },
        "end": { "line": 74, "column": 29 }
      }
    },
    "fnMap": {
      "0": {
        "name": "(anonymous_0)",
        "decl": {
          "start": { "line": 12, "column": 2 },
          "end": { "line": 12, "column": 3 }
        },
        "loc": {
          "start": { "line": 12, "column": 27 },
          "end": { "line": 40, "column": 3 }
        },
        "line": 12
      },
      "1": {
        "name": "(anonymous_1)",
        "decl": {
          "start": { "line": 42, "column": 2 },
          "end": { "line": 42, "column": 3 }
        },
        "loc": {
          "start": { "line": 42, "column": 27 },
          "end": { "line": 63, "column": 3 }
        },
        "line": 42
      },
      "2": {
        "name": "(anonymous_2)",
        "decl": {
          "start": { "line": 65, "column": 2 },
          "end": { "line": 65, "column": 3 }
        },
        "loc": {
          "start": { "line": 65, "column": 28 },
          "end": { "line": 71, "column": 3 }
        },
        "line": 65
      }
    },
    "branchMap": {
      "0": {
        "loc": {
          "start": { "line": 16, "column": 4 },
          "end": { "line": 18, "column": 5 }
        },
        "type": "if",
        "locations": [
          {
            "start": { "line": 16, "column": 4 },
            "end": { "line": 18, "column": 5 }
          },
          { "start": {}, "end": {} }
        ],
        "line": 16
      },
      "1": {
        "loc": {
          "start": { "line": 46, "column": 4 },
          "end": { "line": 48, "column": 5 }
        },
        "type": "if",
        "locations": [
          {
            "start": { "line": 46, "column": 4 },
            "end": { "line": 48, "column": 5 }
          },
          { "start": {}, "end": {} }
        ],
        "line": 46
      },
      "2": {
        "loc": {
          "start": { "line": 51, "column": 4 },
          "end": { "line": 53, "column": 5 }
        },
        "type": "if",
        "locations": [
          {
            "start": { "line": 51, "column": 4 },
            "end": { "line": 53, "column": 5 }
          },
          { "start": {}, "end": {} }
        ],
        "line": 51
      },
      "3": {
        "loc": {
          "start": { "line": 67, "column": 4 },
          "end": { "line": 69, "column": 5 }
        },
        "type": "if",
        "locations": [
          {
            "start": { "line": 67, "column": 4 },
            "end": { "line": 69, "column": 5 }
          },
          { "start": {}, "end": {} }
        ],
        "line": 67
      }
    },
    "s": {
      "0": 1,
      "1": 1,
      "2": 1,
      "3": 1,
      "4": 1,
      "5": 1,
      "6": 1,
      "7": 1,
      "8": 2,
      "9": 2,
      "10": 2,
      "11": 1,
      "12": 1,
      "13": 1,
      "14": 1,
      "15": 1,
      "16": 1,
      "17": 1,
      "18": 1,
      "19": 3,
      "20": 3,
      "21": 3,
      "22": 1,
      "23": 2,
      "24": 2,
      "25": 1,
      "26": 1,
      "27": 1,
      "28": 1,
      "29": 2,
      "30": 2,
      "31": 1,
      "32": 1,
      "33": 1
    },
    "f": { "0": 2, "1": 3, "2": 2 },
    "b": { "0": [1, 1], "1": [1, 2], "2": [1, 1], "3": [1, 1] },
    "_coverageSchema": "1a1c01bbd47fc00a2c39e90264f33305004495a9",
    "hash": "ba8fe1f6c36191ce9f9601c2296cd91506a2dc3c"
  },
  "/home/pls/03-vib/Caravan/caravanapp/server/services/discount/DiscountStrategy.js": {
    "path": "/home/pls/03-vib/Caravan/caravanapp/server/services/discount/DiscountStrategy.js",
    "statementMap": {
      "0": {
        "start": { "line": 3, "column": 4 },
        "end": { "line": 3, "column": 46 }
      },
      "1": {
        "start": { "line": 7, "column": 0 },
        "end": { "line": 7, "column": 34 }
      }
    },
    "fnMap": {
      "0": {
        "name": "(anonymous_0)",
        "decl": {
          "start": { "line": 2, "column": 2 },
          "end": { "line": 2, "column": 3 }
        },
        "loc": {
          "start": { "line": 2, "column": 27 },
          "end": { "line": 4, "column": 3 }
        },
        "line": 2
      }
    },
    "branchMap": {},
    "s": { "0": 0, "1": 1 },
    "f": { "0": 0 },
    "b": {},
    "_coverageSchema": "1a1c01bbd47fc00a2c39e90264f33305004495a9",
    "hash": "36174a2ecb8377991226f73c10d6c28e639b905a"
  },
  "/home/pls/03-vib/Caravan/caravanapp/server/services/discount/NoDiscount.js": {
    "path": "/home/pls/03-vib/Caravan/caravanapp/server/services/discount/NoDiscount.js",
    "statementMap": {
      "0": {
        "start": { "line": 1, "column": 25 },
        "end": { "line": 1, "column": 54 }
      },
      "1": {
        "start": { "line": 5, "column": 4 },
        "end": { "line": 5, "column": 17 }
      },
      "2": {
        "start": { "line": 9, "column": 0 },
        "end": { "line": 9, "column": 28 }
      }
    },
    "fnMap": {
      "0": {
        "name": "(anonymous_0)",
        "decl": {
          "start": { "line": 4, "column": 2 },
          "end": { "line": 4, "column": 3 }
        },
        "loc": {
          "start": { "line": 4, "column": 27 },
          "end": { "line": 6, "column": 3 }
        },
        "line": 4
      }
    },
    "branchMap": {},
    "s": { "0": 1, "1": 0, "2": 1 },
    "f": { "0": 0 },
    "b": {},
    "_coverageSchema": "1a1c01bbd47fc00a2c39e90264f33305004495a9",
    "hash": "a049fabc765c1a1ae2d4313eca4a34f88a9ac4bd"
  },
  "/home/pls/03-vib/Caravan/caravanapp/server/services/notification/EmailNotifier.js": {
    "path": "/home/pls/03-vib/Caravan/caravanapp/server/services/notification/EmailNotifier.js",
    "statementMap": {
      "0": {
        "start": { "line": 3, "column": 4 },
        "end": { "line": 5, "column": 6 }
      },
      "1": {
        "start": { "line": 10, "column": 0 },
        "end": { "line": 10, "column": 31 }
      }
    },
    "fnMap": {
      "0": {
        "name": "(anonymous_0)",
        "decl": {
          "start": { "line": 2, "column": 2 },
          "end": { "line": 2, "column": 3 }
        },
        "loc": {
          "start": { "line": 2, "column": 22 },
          "end": { "line": 7, "column": 3 }
        },
        "line": 2
      }
    },
    "branchMap": {},
    "s": { "0": 0, "1": 1 },
    "f": { "0": 0 },
    "b": {},
    "_coverageSchema": "1a1c01bbd47fc00a2c39e90264f33305004495a9",
    "hash": "966807b22bf9b43c670740a33256b1aa509b9051"
  },
  "/home/pls/03-vib/Caravan/caravanapp/server/services/notification/ReservationNotifier.js": {
    "path": "/home/pls/03-vib/Caravan/caravanapp/server/services/notification/ReservationNotifier.js",
    "statementMap": {
      "0": {
        "start": { "line": 3, "column": 4 },
        "end": { "line": 3, "column": 24 }
      },
      "1": {
        "start": { "line": 7, "column": 4 },
        "end": { "line": 7, "column": 34 }
      },
      "2": {
        "start": { "line": 11, "column": 4 },
        "end": { "line": 11, "column": 70 }
      },
      "3": {
        "start": { "line": 11, "column": 52 },
        "end": { "line": 11, "column": 68 }
      },
      "4": {
        "start": { "line": 15, "column": 4 },
        "end": { "line": 15, "column": 71 }
      },
      "5": {
        "start": { "line": 15, "column": 41 },
        "end": { "line": 15, "column": 69 }
      },
      "6": {
        "start": { "line": 19, "column": 0 },
        "end": { "line": 19, "column": 37 }
      }
    },
    "fnMap": {
      "0": {
        "name": "(anonymous_0)",
        "decl": {
          "start": { "line": 2, "column": 2 },
          "end": { "line": 2, "column": 3 }
        },
        "loc": {
          "start": { "line": 2, "column": 16 },
          "end": { "line": 4, "column": 3 }
        },
        "line": 2
      },
      "1": {
        "name": "(anonymous_1)",
        "decl": {
          "start": { "line": 6, "column": 2 },
          "end": { "line": 6, "column": 3 }
        },
        "loc": {
          "start": { "line": 6, "column": 24 },
          "end": { "line": 8, "column": 3 }
        },
        "line": 6
      },
      "2": {
        "name": "(anonymous_2)",
        "decl": {
          "start": { "line": 10, "column": 2 },
          "end": { "line": 10, "column": 3 }
        },
        "loc": {
          "start": { "line": 10, "column": 27 },
          "end": { "line": 12, "column": 3 }
        },
        "line": 10
      },
      "3": {
        "name": "(anonymous_3)",
        "decl": {
          "start": { "line": 11, "column": 43 },
          "end": { "line": 11, "column": 44 }
        },
        "loc": {
          "start": { "line": 11, "column": 52 },
          "end": { "line": 11, "column": 68 }
        },
        "line": 11
      },
      "4": {
        "name": "(anonymous_4)",
        "decl": {
          "start": { "line": 14, "column": 2 },
          "end": { "line": 14, "column": 3 }
        },
        "loc": {
          "start": { "line": 14, "column": 22 },
          "end": { "line": 16, "column": 3 }
        },
        "line": 14
      },
      "5": {
        "name": "(anonymous_5)",
        "decl": {
          "start": { "line": 15, "column": 27 },
          "end": { "line": 15, "column": 28 }
        },
        "loc": {
          "start": { "line": 15, "column": 41 },
          "end": { "line": 15, "column": 69 }
        },
        "line": 15
      }
    },
    "branchMap": {},
    "s": { "0": 0, "1": 0, "2": 0, "3": 0, "4": 0, "5": 0, "6": 1 },
    "f": { "0": 0, "1": 0, "2": 0, "3": 0, "4": 0, "5": 0 },
    "b": {},
    "_coverageSchema": "1a1c01bbd47fc00a2c39e90264f33305004495a9",
    "hash": "4dcebdcd94d1dd19793945ee36af8c0b7a6b61aa"
  }
}
