TN:
SF:core/errors/AppError.js
FN:2,(anonymous_0)
FNF:1
FNH:1
FNDA:15,(anonymous_0)
DA:3,15
DA:4,15
DA:5,15
DA:6,15
DA:8,15
DA:12,4
LF:6
LH:6
BRDA:5,0,0,15
BRDA:5,0,1,0
BRF:2
BRH:1
end_of_record
TN:
SF:core/errors/AuthorizationError.js
FN:4,(anonymous_0)
FNF:1
FNH:1
FNDA:6,(anonymous_0)
DA:1,3
DA:5,6
DA:9,3
LF:3
LH:3
BRDA:4,0,0,0
BRF:1
BRH:0
end_of_record
TN:
SF:core/errors/BadRequestError.js
FN:4,(anonymous_0)
FNF:1
FNH:1
FNDA:3,(anonymous_0)
DA:1,1
DA:5,3
DA:9,1
LF:3
LH:3
BRDA:4,0,0,0
BRF:1
BRH:0
end_of_record
TN:
SF:core/errors/NotFoundError.js
FN:4,(anonymous_0)
FNF:1
FNH:1
FNDA:5,(anonymous_0)
DA:1,4
DA:5,5
DA:9,4
LF:3
LH:3
BRDA:4,0,0,0
BRF:1
BRH:0
end_of_record
TN:
SF:core/errors/ValidationError.js
FN:4,(anonymous_0)
FNF:1
FNH:1
FNDA:1,(anonymous_0)
DA:1,1
DA:5,1
DA:9,1
LF:3
LH:3
BRDA:4,0,0,0
BRF:1
BRH:0
end_of_record
TN:
SF:models/Caravan.js
FNF:0
FNH:0
DA:1,2
DA:3,2
DA:38,2
LF:3
LH:3
BRF:0
BRH:0
end_of_record
TN:
SF:models/Reservation.js
FNF:0
FNH:0
DA:1,3
DA:3,3
DA:37,3
LF:3
LH:3
BRF:0
BRH:0
end_of_record
TN:
SF:models/Review.js
FNF:0
FNH:0
DA:1,1
DA:3,1
DA:34,1
LF:3
LH:3
BRF:0
BRH:0
end_of_record
TN:
SF:models/User.js
FNF:0
FNH:0
DA:1,2
DA:3,2
DA:39,2
LF:3
LH:3
BRF:0
BRH:0
end_of_record
TN:
SF:repositories/CaravanRepository.js
FN:4,(anonymous_0)
FN:8,(anonymous_1)
FNF:2
FNH:0
FNDA:0,(anonymous_0)
FNDA:0,(anonymous_1)
DA:1,1
DA:5,0
DA:9,0
DA:13,1
LF:4
LH:2
BRF:0
BRH:0
end_of_record
TN:
SF:repositories/ReservationRepository.js
FN:4,(anonymous_0)
FN:9,(anonymous_1)
FN:13,(anonymous_2)
FN:17,(anonymous_3)
FN:21,(anonymous_4)
FN:25,(anonymous_5)
FN:31,(anonymous_6)
FNF:7
FNH:0
FNDA:0,(anonymous_0)
FNDA:0,(anonymous_1)
FNDA:0,(anonymous_2)
FNDA:0,(anonymous_3)
FNDA:0,(anonymous_4)
FNDA:0,(anonymous_5)
FNDA:0,(anonymous_6)
DA:1,1
DA:5,0
DA:6,0
DA:10,0
DA:14,0
DA:18,0
DA:22,0
DA:26,0
DA:32,0
DA:36,1
LF:10
LH:2
BRF:0
BRH:0
end_of_record
TN:
SF:services/CaravanService.js
FN:7,(anonymous_0)
FN:22,(anonymous_1)
FN:27,(anonymous_2)
FN:35,(anonymous_3)
FN:51,(anonymous_4)
FNF:5
FNH:5
FNDA:2,(anonymous_0)
FNDA:1,(anonymous_1)
FNDA:2,(anonymous_2)
FNDA:2,(anonymous_3)
FNDA:2,(anonymous_4)
DA:1,1
DA:2,1
DA:3,1
DA:4,1
DA:8,2
DA:9,2
DA:10,1
DA:13,1
DA:18,1
DA:19,1
DA:23,1
DA:24,1
DA:28,2
DA:29,2
DA:30,1
DA:32,1
DA:36,2
DA:38,2
DA:39,1
DA:42,1
DA:48,1
DA:52,2
DA:54,2
DA:55,1
DA:58,1
DA:60,1
DA:64,1
LF:27
LH:27
BRDA:9,0,0,1
BRDA:9,0,1,1
BRDA:29,1,0,1
BRDA:29,1,1,1
BRDA:38,2,0,1
BRDA:38,2,1,1
BRDA:54,3,0,1
BRDA:54,3,1,1
BRF:8
BRH:8
end_of_record
TN:
SF:services/ReservationFactory.js
FN:4,(anonymous_0)
FNF:1
FNH:0
FNDA:0,(anonymous_0)
DA:1,1
DA:5,0
DA:9,1
LF:3
LH:2
BRF:0
BRH:0
end_of_record
TN:
SF:services/ReservationService.js
FN:13,(anonymous_0)
FN:23,(anonymous_1)
FN:31,(anonymous_2)
FN:58,(anonymous_3)
FN:63,(anonymous_4)
FN:80,(anonymous_5)
FN:99,(anonymous_6)
FN:101,(anonymous_7)
FNF:8
FNH:8
FNDA:9,(anonymous_0)
FNDA:1,(anonymous_1)
FNDA:1,(anonymous_2)
FNDA:1,(anonymous_3)
FNDA:3,(anonymous_4)
FNDA:3,(anonymous_5)
FNDA:1,(anonymous_6)
FNDA:2,(anonymous_7)
DA:1,1
DA:2,1
DA:3,1
DA:4,1
DA:5,1
DA:6,1
DA:7,1
DA:8,1
DA:10,1
DA:14,9
DA:15,9
DA:16,9
DA:17,9
DA:18,9
DA:19,9
DA:20,9
DA:24,1
DA:25,1
DA:26,1
DA:27,1
DA:28,1
DA:32,1
DA:34,1
DA:36,1
DA:38,1
DA:50,1
DA:51,1
DA:53,1
DA:55,1
DA:59,1
DA:60,1
DA:64,3
DA:66,3
DA:67,1
DA:70,2
DA:71,2
DA:75,1
DA:77,1
DA:81,3
DA:83,3
DA:84,1
DA:87,2
DA:88,2
DA:89,1
DA:92,1
DA:96,1
DA:100,1
DA:101,2
DA:102,1
DA:105,1
DA:109,1
LF:51
LH:51
BRDA:66,0,0,1
BRDA:66,0,1,2
BRDA:71,1,0,1
BRDA:71,1,1,1
BRDA:72,2,0,2
BRDA:72,2,1,1
BRDA:83,3,0,1
BRDA:83,3,1,2
BRDA:88,4,0,1
BRDA:88,4,1,1
BRF:10
BRH:10
end_of_record
TN:
SF:services/ReviewService.js
FN:8,(anonymous_0)
FN:46,(anonymous_1)
FN:54,(anonymous_2)
FN:56,(anonymous_3)
FNF:4
FNH:4
FNDA:4,(anonymous_0)
FNDA:1,(anonymous_1)
FNDA:1,(anonymous_2)
FNDA:2,(anonymous_3)
DA:1,1
DA:2,1
DA:3,1
DA:4,1
DA:5,1
DA:9,4
DA:11,4
DA:14,4
DA:15,1
DA:18,3
DA:19,1
DA:22,2
DA:23,2
DA:26,2
DA:27,1
DA:28,1
DA:29,0
DA:31,1
DA:34,1
DA:42,1
DA:43,1
DA:47,1
DA:51,1
DA:55,1
DA:56,2
DA:57,1
DA:60,1
DA:64,1
LF:28
LH:27
BRDA:14,0,0,1
BRDA:14,0,1,3
BRDA:18,1,0,1
BRDA:18,1,1,2
BRDA:26,2,0,1
BRDA:26,2,1,1
BRDA:28,3,0,0
BRDA:28,3,1,1
BRF:8
BRH:7
end_of_record
TN:
SF:services/UserService.js
FN:12,(anonymous_0)
FN:42,(anonymous_1)
FN:65,(anonymous_2)
FNF:3
FNH:3
FNDA:2,(anonymous_0)
FNDA:3,(anonymous_1)
FNDA:2,(anonymous_2)
DA:1,1
DA:2,1
DA:3,1
DA:4,1
DA:5,1
DA:7,1
DA:8,1
DA:9,1
DA:13,2
DA:15,2
DA:16,2
DA:17,1
DA:20,1
DA:27,1
DA:28,1
DA:30,1
DA:32,1
DA:38,1
DA:39,1
DA:43,3
DA:45,3
DA:46,3
DA:47,1
DA:50,2
DA:51,2
DA:52,1
DA:55,1
DA:61,1
DA:62,1
DA:66,2
DA:67,2
DA:68,1
DA:70,1
DA:74,1
LF:34
LH:34
BRDA:16,0,0,1
BRDA:16,0,1,1
BRDA:46,1,0,1
BRDA:46,1,1,2
BRDA:51,2,0,1
BRDA:51,2,1,1
BRDA:67,3,0,1
BRDA:67,3,1,1
BRF:8
BRH:8
end_of_record
TN:
SF:services/discount/DiscountStrategy.js
FN:2,(anonymous_0)
FNF:1
FNH:0
FNDA:0,(anonymous_0)
DA:3,0
DA:7,1
LF:2
LH:1
BRF:0
BRH:0
end_of_record
TN:
SF:services/discount/NoDiscount.js
FN:4,(anonymous_0)
FNF:1
FNH:0
FNDA:0,(anonymous_0)
DA:1,1
DA:5,0
DA:9,1
LF:3
LH:2
BRF:0
BRH:0
end_of_record
TN:
SF:services/notification/EmailNotifier.js
FN:2,(anonymous_0)
FNF:1
FNH:0
FNDA:0,(anonymous_0)
DA:3,0
DA:10,1
LF:2
LH:1
BRF:0
BRH:0
end_of_record
TN:
SF:services/notification/ReservationNotifier.js
FN:2,(anonymous_0)
FN:6,(anonymous_1)
FN:10,(anonymous_2)
FN:11,(anonymous_3)
FN:14,(anonymous_4)
FN:15,(anonymous_5)
FNF:6
FNH:0
FNDA:0,(anonymous_0)
FNDA:0,(anonymous_1)
FNDA:0,(anonymous_2)
FNDA:0,(anonymous_3)
FNDA:0,(anonymous_4)
FNDA:0,(anonymous_5)
DA:3,0
DA:7,0
DA:11,0
DA:15,0
DA:19,1
LF:5
LH:1
BRF:0
BRH:0
end_of_record
